SharpDX.SharpDXException: HRESULT: [0x88760868], Module: [SharpDX.Direct3D9], ApiCode: [D3DERR_DEVICELOST/DeviceLost], Message: Unknown
   en SharpDX.Result.CheckError() en C:\projects\sharpdx\Source\SharpDX\Result.cs:línea 195
   en SharpDX.Direct3D9.Device.Present(IntPtr sourceRectRef, IntPtr destRectRef, IntPtr hDestWindowOverride, IntPtr dirtyRegionRef) en C:\projects\sharpdx\Source\SharpDX.Direct3D9\Generated\Interfaces.cs:línea 4949
   en SharpDX.Direct3D9.Device.Present() en C:\projects\sharpdx\Source\SharpDX.Direct3D9\Device.cs:línea 600
   en SonicRetro.SAModel.SAMDL.MainForm.DrawEntireModel() en E:\Programs\sa_tools\SAMDL\MainForm.cs:línea 600
   en SonicRetro.SAModel.SAMDL.MainForm.SelectedItemChanged() en E:\Programs\sa_tools\SAMDL\MainForm.cs:línea 1265
   en SonicRetro.SAModel.SAMDL.MainForm.LoadFile(String filename) en E:\Programs\sa_tools\SAMDL\MainForm.cs:línea 318
   en SonicRetro.SAModel.SAMDL.MainForm.openToolStripMenuItem_Click(Object sender, EventArgs e) en E:\Programs\sa_tools\SAMDL\MainForm.cs:línea 180
   en System.Windows.Forms.ToolStripItem.RaiseEvent(Object key, EventArgs e)
   en System.Windows.Forms.ToolStripMenuItem.OnClick(EventArgs e)
   en System.Windows.Forms.ToolStripItem.HandleClick(EventArgs e)
   en System.Windows.Forms.ToolStripItem.HandleMouseUp(MouseEventArgs e)
   en System.Windows.Forms.ToolStripItem.FireEventInteractive(EventArgs e, ToolStripItemEventType met)
   en System.Windows.Forms.ToolStripItem.FireEvent(EventArgs e, ToolStripItemEventType met)
   en System.Windows.Forms.ToolStrip.OnMouseUp(MouseEventArgs mea)
   en System.Windows.Forms.ToolStripDropDown.OnMouseUp(MouseEventArgs mea)
   en System.Windows.Forms.Control.WmMouseUp(Message& m, MouseButtons button, Int32 clicks)
   en System.Windows.Forms.Control.WndProc(Message& m)
   en System.Windows.Forms.ScrollableControl.WndProc(Message& m)
   en System.Windows.Forms.ToolStrip.WndProc(Message& m)
   en System.Windows.Forms.ToolStripDropDown.WndProc(Message& m)
   en System.Windows.Forms.Control.ControlNativeWindow.OnMessage(Message& m)
   en System.Windows.Forms.Control.ControlNativeWindow.WndProc(Message& m)
   en System.Windows.Forms.NativeWindow.Callback(IntPtr hWnd, Int32 msg, IntPtr wparam, IntPtr lparam)